<?xml version="1.0" encoding="utf-8"?><testsuites><testsuite name="pytest" errors="0" failures="0" skipped="0" tests="3" time="54.542" timestamp="2021-06-28T12:21:06.661711" hostname="DESKTOP-TBSD3T7"><testcase classname="test_HomePage.TestHomePage" name="test_form_submission[get_data0]" time="23.123" /><testcase classname="test_HomePage.TestHomePage" name="test_form_submission[get_data1]" time="7.286" /><testcase classname="test_e2e.TestOne" name="test_e2e" time="23.996" /></testsuite></testsuites>